<?xml version="1.0" encoding="UTF-8"?>
<!-- Generated by org.testng.reporters.JUnitXMLReporter -->
<testsuite ignored="0" hostname="vyns-MacBook-Air.local" failures="0" tests="12" name="Test Maven Testing" time="0.025" errors="0" timestamp="2023-04-11T22:37:15 BST">
  <testcase classname="com.qa.tests.DemoTest3" name="div" time="0.005"/>
  <testcase classname="com.qa.tests.DemoTest3" name="mul" time="0.0"/>
  <testcase classname="com.qa.tests.DemoTest3" name="sub" time="0.0"/>
  <testcase classname="com.qa.tests.DemoTest3" name="sum" time="0.0"/>
  <testcase classname="com.qa.tests.DemoTest1" name="div" time="0.0"/>
  <testcase classname="com.qa.tests.DemoTest1" name="mul" time="0.0"/>
  <testcase classname="com.qa.tests.DemoTest1" name="sub" time="0.0"/>
  <testcase classname="com.qa.tests.DemoTest1" name="sum" time="0.001"/>
  <testcase classname="com.qa.tests.DemoTest2" name="div" time="0.001"/>
  <testcase classname="com.qa.tests.DemoTest2" name="mul" time="0.0"/>
  <testcase classname="com.qa.tests.DemoTest2" name="sub" time="0.0"/>
  <testcase classname="com.qa.tests.DemoTest2" name="sum" time="0.0"/>
</testsuite> <!-- Test Maven Testing -->
