<?xml version="1.0" encoding="UTF-8"?>
<!-- Generated by org.testng.reporters.JUnitXMLReporter -->
<testsuite ignored="0" hostname="vyns-MacBook-Air.local" failures="0" tests="4" name="Default test" time="0.088" errors="0" timestamp="2023-04-05T14:36:43 BST">
  <testcase classname="com.qa.tests.DemoTest" name="div" time="0.012"/>
  <testcase classname="com.qa.tests.DemoTest" name="mul" time="0.003"/>
  <testcase classname="com.qa.tests.DemoTest" name="sub" time="0.001"/>
  <testcase classname="com.qa.tests.DemoTest" name="sum" time="0.002"/>
</testsuite> <!-- Default test -->
