<?xml version="1.0" encoding="UTF-8"?>
<testng-results ignored="0" total="4" passed="4" failed="0" skipped="0">
  <reporter-output>
  </reporter-output>
  <suite started-at="2023-04-05T14:36:43 BST" name="Default suite" finished-at="2023-04-05T14:36:43 BST" duration-ms="88">
    <groups>
    </groups>
    <test started-at="2023-04-05T14:36:43 BST" name="Default test" finished-at="2023-04-05T14:36:43 BST" duration-ms="88">
      <class name="com.qa.tests.DemoTest">
        <test-method signature="div()[pri:0, instance:com.qa.tests.DemoTest@6fd83fc1]" started-at="2023-04-05T14:36:43 BST" name="div" finished-at="2023-04-05T14:36:43 BST" duration-ms="12" status="PASS">
          <reporter-output>
          </reporter-output>
        </test-method> <!-- div -->
        <test-method signature="mul()[pri:0, instance:com.qa.tests.DemoTest@6fd83fc1]" started-at="2023-04-05T14:36:43 BST" name="mul" finished-at="2023-04-05T14:36:43 BST" duration-ms="3" status="PASS">
          <reporter-output>
          </reporter-output>
        </test-method> <!-- mul -->
        <test-method signature="sub()[pri:0, instance:com.qa.tests.DemoTest@6fd83fc1]" started-at="2023-04-05T14:36:43 BST" name="sub" finished-at="2023-04-05T14:36:43 BST" duration-ms="1" status="PASS">
          <reporter-output>
          </reporter-output>
        </test-method> <!-- sub -->
        <test-method signature="sum()[pri:0, instance:com.qa.tests.DemoTest@6fd83fc1]" started-at="2023-04-05T14:36:43 BST" name="sum" finished-at="2023-04-05T14:36:43 BST" duration-ms="2" status="PASS">
          <reporter-output>
          </reporter-output>
        </test-method> <!-- sum -->
      </class> <!-- com.qa.tests.DemoTest -->
    </test> <!-- Default test -->
  </suite> <!-- Default suite -->
</testng-results>
