<?xml version="1.0" encoding="UTF-8"?>
<testng-results ignored="0" total="1" passed="1" failed="0" skipped="0">
  <reporter-output>
  </reporter-output>
  <suite started-at="2023-04-21T10:57:51 BST" name="Default suite" finished-at="2023-04-21T10:58:01 BST" duration-ms="10224">
    <groups>
    </groups>
    <test started-at="2023-04-21T10:57:51 BST" name="Default test" finished-at="2023-04-21T10:58:01 BST" duration-ms="10224">
      <class name="PDFBrowserTest">
        <test-method is-config="true" signature="setup()[pri:0, instance:PDFBrowserTest@740cae06]" started-at="2023-04-21T10:57:51 BST" name="setup" finished-at="2023-04-21T10:58:00 BST" duration-ms="8667" status="PASS">
          <reporter-output>
          </reporter-output>
        </test-method> <!-- setup -->
        <test-method signature="pdfReaderTest()[pri:0, instance:PDFBrowserTest@740cae06]" started-at="2023-04-21T10:58:00 BST" name="pdfReaderTest" finished-at="2023-04-21T10:58:01 BST" duration-ms="1281" status="PASS">
          <reporter-output>
          </reporter-output>
        </test-method> <!-- pdfReaderTest -->
        <test-method is-config="true" signature="tearDown()[pri:0, instance:PDFBrowserTest@740cae06]" started-at="2023-04-21T10:58:01 BST" name="tearDown" finished-at="2023-04-21T10:58:01 BST" duration-ms="168" status="PASS">
          <reporter-output>
          </reporter-output>
        </test-method> <!-- tearDown -->
      </class> <!-- PDFBrowserTest -->
    </test> <!-- Default test -->
  </suite> <!-- Default suite -->
</testng-results>
